# JRE version: OpenJDK Runtime Environment (11.0.7+10) (build 11.0.7+10-post-Ubuntu-2ubuntu218.04)
# Java VM: OpenJDK 64-Bit Server VM (11.0.7+10-post-Ubuntu-2ubuntu218.04, mixed mode, sharing, tiered, compressed oops, g1 gc, linux-amd64)
Heap:
 garbage-first heap   total 347136K, used 132649K [0x0000000085200000, 0x0000000100000000)
  region size 1024K, 6 young (6144K), 4 survivors (4096K)
 Metaspace       used 191235K, capacity 199825K, committed 200092K, reserved 1218560K
  class space    used 27814K, capacity 31608K, committed 31664K, reserved 1048576K
GC Heap History (20 events):
Event: 36744,755 GC heap before
{Heap before GC invocations=155 (full 0):
 garbage-first heap   total 347136K, used 308191K [0x0000000085200000, 0x0000000100000000)
  region size 1024K, 185 young (189440K), 2 survivors (2048K)
 Metaspace       used 190455K, capacity 198885K, committed 198940K, reserved 1216512K
  class space    used 27752K, capacity 31499K, committed 31536K, reserved 1048576K
}
Event: 36744,759 GC heap after
{Heap after GC invocations=156 (full 0):
 garbage-first heap   total 347136K, used 120708K [0x0000000085200000, 0x0000000100000000)
  region size 1024K, 2 young (2048K), 2 survivors (2048K)
 Metaspace       used 190455K, capacity 198885K, committed 198940K, reserved 1216512K
  class space    used 27752K, capacity 31499K, committed 31536K, reserved 1048576K
}
Event: 37044,897 GC heap before
{Heap before GC invocations=156 (full 0):
 garbage-first heap   total 347136K, used 308100K [0x0000000085200000, 0x0000000100000000)
  region size 1024K, 185 young (189440K), 2 survivors (2048K)
 Metaspace       used 190455K, capacity 198885K, committed 198940K, reserved 1216512K
  class space    used 27752K, capacity 31499K, committed 31536K, reserved 1048576K
}
Event: 37044,902 GC heap after
{Heap after GC invocations=157 (full 0):
 garbage-first heap   total 347136K, used 120710K [0x0000000085200000, 0x0000000100000000)
  region size 1024K, 2 young (2048K), 2 survivors (2048K)
 Metaspace       used 190455K, capacity 198885K, committed 198940K, reserved 1216512K
  class space    used 27752K, capacity 31499K, committed 31536K, reserved 1048576K
}
Event: 37344,992 GC heap before
{Heap before GC invocations=157 (full 0):
 garbage-first heap   total 347136K, used 307078K [0x0000000085200000, 0x0000000100000000)
  region size 1024K, 184 young (188416K), 2 survivors (2048K)
 Metaspace       used 190457K, capacity 198949K, committed 199196K, reserved 1216512K
  class space    used 27752K, capacity 31499K, committed 31536K, reserved 1048576K
}
Event: 37344,996 GC heap after
{Heap after GC invocations=158 (full 0):
 garbage-first heap   total 347136K, used 120818K [0x0000000085200000, 0x0000000100000000)
  region size 1024K, 2 young (2048K), 2 survivors (2048K)
 Metaspace       used 190457K, capacity 198949K, committed 199196K, reserved 1216512K
  class space    used 27752K, capacity 31499K, committed 31536K, reserved 1048576K
}
Event: 37645,140 GC heap before
{Heap before GC invocations=158 (full 0):
 garbage-first heap   total 347136K, used 307186K [0x0000000085200000, 0x0000000100000000)
  region size 1024K, 184 young (188416K), 2 survivors (2048K)
 Metaspace       used 190457K, capacity 198949K, committed 199196K, reserved 1216512K
  class space    used 27752K, capacity 31499K, committed 31536K, reserved 1048576K
}
Event: 37645,145 GC heap after
{Heap after GC invocations=159 (full 0):
 garbage-first heap   total 347136K, used 121002K [0x0000000085200000, 0x0000000100000000)
  region size 1024K, 2 young (2048K), 2 survivors (2048K)
 Metaspace       used 190457K, capacity 198949K, committed 199196K, reserved 1216512K
  class space    used 27752K, capacity 31499K, committed 31536K, reserved 1048576K
}
Event: 37805,270 GC heap before
{Heap before GC invocations=159 (full 0):
 garbage-first heap   total 347136K, used 306346K [0x0000000085200000, 0x0000000100000000)
  region size 1024K, 184 young (188416K), 2 survivors (2048K)
 Metaspace       used 190823K, capacity 199331K, committed 199580K, reserved 1218560K
  class space    used 27804K, capacity 31563K, committed 31664K, reserved 1048576K
}
Event: 37805,279 GC heap after
{Heap after GC invocations=160 (full 0):
 garbage-first heap   total 347136K, used 121474K [0x0000000085200000, 0x0000000100000000)
  region size 1024K, 2 young (2048K), 2 survivors (2048K)
 Metaspace       used 190823K, capacity 199331K, committed 199580K, reserved 1218560K
  class space    used 27804K, capacity 31563K, committed 31664K, reserved 1048576K
}
Event: 38025,373 GC heap before
{Heap before GC invocations=160 (full 0):
 garbage-first heap   total 347136K, used 315010K [0x0000000085200000, 0x0000000100000000)
  region size 1024K, 184 young (188416K), 2 survivors (2048K)
 Metaspace       used 190912K, capacity 199453K, committed 199580K, reserved 1218560K
  class space    used 27810K, capacity 31601K, committed 31664K, reserved 1048576K
}
Event: 38025,378 GC heap after
{Heap after GC invocations=161 (full 0):
 garbage-first heap   total 347136K, used 121722K [0x0000000085200000, 0x0000000100000000)
  region size 1024K, 2 young (2048K), 2 survivors (2048K)
 Metaspace       used 190912K, capacity 199453K, committed 199580K, reserved 1218560K
  class space    used 27810K, capacity 31601K, committed 31664K, reserved 1048576K
}
Event: 38179,992 GC heap before
{Heap before GC invocations=161 (full 0):
 garbage-first heap   total 347136K, used 323450K [0x0000000085200000, 0x0000000100000000)
  region size 1024K, 184 young (188416K), 2 survivors (2048K)
 Metaspace       used 191046K, capacity 199648K, committed 199836K, reserved 1218560K
  class space    used 27811K, capacity 31603K, committed 31664K, reserved 1048576K
}
Event: 38179,997 GC heap after
{Heap after GC invocations=162 (full 0):
 garbage-first heap   total 347136K, used 122393K [0x0000000085200000, 0x0000000100000000)
  region size 1024K, 3 young (3072K), 3 survivors (3072K)
 Metaspace       used 191046K, capacity 199648K, committed 199836K, reserved 1218560K
  class space    used 27811K, capacity 31603K, committed 31664K, reserved 1048576K
}
Event: 38367,614 GC heap before
{Heap before GC invocations=162 (full 0):
 garbage-first heap   total 347136K, used 322073K [0x0000000085200000, 0x0000000100000000)
  region size 1024K, 183 young (187392K), 3 survivors (3072K)
 Metaspace       used 191070K, capacity 199655K, committed 199836K, reserved 1218560K
  class space    used 27812K, capacity 31604K, committed 31664K, reserved 1048576K
}
Event: 38367,623 GC heap after
{Heap after GC invocations=163 (full 0):
 garbage-first heap   total 347136K, used 122692K [0x0000000085200000, 0x0000000100000000)
  region size 1024K, 3 young (3072K), 3 survivors (3072K)
 Metaspace       used 191070K, capacity 199655K, committed 199836K, reserved 1218560K
  class space    used 27812K, capacity 31604K, committed 31664K, reserved 1048576K
}
Event: 38606,161 GC heap before
{Heap before GC invocations=163 (full 0):
 garbage-first heap   total 347136K, used 314180K [0x0000000085200000, 0x0000000100000000)
  region size 1024K, 183 young (187392K), 3 survivors (3072K)
 Metaspace       used 191124K, capacity 199727K, committed 199836K, reserved 1218560K
  class space    used 27812K, capacity 31604K, committed 31664K, reserved 1048576K
}
Event: 38606,170 GC heap after
{Heap after GC invocations=164 (full 0):
 garbage-first heap   total 347136K, used 122797K [0x0000000085200000, 0x0000000100000000)
  region size 1024K, 3 young (3072K), 3 survivors (3072K)
 Metaspace       used 191124K, capacity 199727K, committed 199836K, reserved 1218560K
  class space    used 27812K, capacity 31604K, committed 31664K, reserved 1048576K
}
Event: 38703,801 GC heap before
{Heap before GC invocations=164 (full 0):
 garbage-first heap   total 347136K, used 311213K [0x0000000085200000, 0x0000000100000000)
  region size 1024K, 156 young (159744K), 3 survivors (3072K)
 Metaspace       used 191233K, capacity 199825K, committed 200092K, reserved 1218560K
  class space    used 27814K, capacity 31608K, committed 31664K, reserved 1048576K
}
Event: 38703,807 GC heap after
{Heap after GC invocations=165 (full 0):
 garbage-first heap   total 347136K, used 124457K [0x0000000085200000, 0x0000000100000000)
  region size 1024K, 4 young (4096K), 4 survivors (4096K)
 Metaspace       used 191233K, capacity 199825K, committed 200092K, reserved 1218560K
  class space    used 27814K, capacity 31608K, committed 31664K, reserved 1048576K
}

